[H[2J[3Jxorriso 1.5.4 : RockRidge filesystem manipulator, libburnia project.

Drive current: -outdev 'stdio:/home/digitech/Desktop/CrystalOS/Kernel/zig-out/bin/disk.iso'
Media current: stdio file, overwriteable
Media status : is blank
Media summary: 0 sessions, 0 data blocks, 0 data, 63.7g free
Added to ISO image: directory '/'='/tmp/grub.FRKqm6'
xorriso : UPDATE :     667 files added in 1 seconds
Added to ISO image: directory '/'='/home/digitech/Desktop/CrystalOS/Kernel/zig-out/iso_root'
xorriso : UPDATE :     672 files added in 1 seconds
xorriso : NOTE : Copying to System Area: 512 bytes from file '/usr/lib/grub/i386-pc/boot_hybrid.img'
ISO image produced: 10447 sectors
Written to medium : 10447 sectors at LBA 0
Writing to 'stdio:/home/digitech/Desktop/CrystalOS/Kernel/zig-out/bin/disk.iso' completed successfully.

[H[2J[3Jxorriso 1.5.4 : RockRidge filesystem manipulator, libburnia project.

Drive current: -outdev 'stdio:/home/digitech/Desktop/CrystalOS/Kernel/zig-out/bin/disk.iso'
Media current: stdio file, overwriteable
Media status : is blank
Media summary: 0 sessions, 0 data blocks, 0 data, 63.7g free
Added to ISO image: directory '/'='/tmp/grub.mq13Hl'
xorriso : UPDATE :     667 files added in 1 seconds
Added to ISO image: directory '/'='/home/digitech/Desktop/CrystalOS/Kernel/zig-out/iso_root'
xorriso : UPDATE :     672 files added in 1 seconds
xorriso : NOTE : Copying to System Area: 512 bytes from file '/usr/lib/grub/i386-pc/boot_hybrid.img'
ISO image produced: 10447 sectors
Written to medium : 10447 sectors at LBA 0
Writing to 'stdio:/home/digitech/Desktop/CrystalOS/Kernel/zig-out/bin/disk.iso' completed successfully.

